NODAL DISPLACEMENTS
--------------------------------
Project: ID20-ID up

Displacements of nodes in beam FP

           X(mm),           Y(mm),           Z(mm),          UX(mm),          UY(mm),          UZ(mm)
     0.000000000,     0.300000000,     0.000000000, 0.000000000E+00, 0.124624927E-04,-0.522507790E-06
     0.000000000,     0.000000000,     0.000000000, 0.000000000E+00, 0.000000000E+00, 0.000000000E+00
     0.000000000,     0.600000000,     0.000000000, 0.000000000E+00, 0.245298491E-04,-0.217819061E-05
     3.979591837,     0.600000000,     0.000000000, 0.764455056E-04, 0.245296935E-04,-0.226405580E-05
     7.959183673,     0.600000000,     0.000000000, 0.152897160E-03, 0.245290996E-04,-0.252205935E-05
    11.938775510,     0.600000000,     0.000000000, 0.229360262E-03, 0.245279634E-04,-0.295184192E-05
    15.918367350,     0.600000000,     0.000000000, 0.305840900E-03, 0.245266709E-04,-0.355115143E-05
    19.897959180,     0.600000000,     0.000000000, 0.382345922E-03, 0.245250272E-04,-0.431929081E-05
    23.877551020,     0.600000000,     0.000000000, 0.458880567E-03, 0.245226725E-04,-0.525558066E-05
    27.857142860,     0.600000000,     0.000000000, 0.535450812E-03, 0.245202427E-04,-0.635577721E-05
    31.836734690,     0.600000000,     0.000000000, 0.612064432E-03, 0.245176503E-04,-0.761759778E-05
    35.816326530,     0.600000000,     0.000000000, 0.688727068E-03, 0.245142700E-04,-0.903998721E-05
    39.795918370,     0.600000000,     0.000000000, 0.765444787E-03, 0.245108799E-04,-0.106171067E-04
    43.775510200,     0.600000000,     0.000000000, 0.842226229E-03, 0.245075233E-04,-0.123450566E-04
    47.755102040,     0.600000000,     0.000000000, 0.919077921E-03, 0.245034456E-04,-0.142219687E-04
    51.734693880,     0.600000000,     0.000000000, 0.996006508E-03, 0.244993765E-04,-0.162410726E-04
    55.714285710,     0.600000000,     0.000000000, 0.107302116E-02, 0.244953783E-04,-0.183970745E-04
    59.693877550,     0.600000000,     0.000000000, 0.115012989E-02, 0.244909943E-04,-0.206860848E-04
    63.673469390,     0.600000000,     0.000000000, 0.122734094E-02, 0.244866113E-04,-0.231013022E-04
    67.653061220,     0.600000000,     0.000000000, 0.130466431E-02, 0.244822536E-04,-0.256366535E-04
    71.632653060,     0.600000000,     0.000000000, 0.138210968E-02, 0.244776479E-04,-0.282867292E-04
    75.612244900,     0.600000000,     0.000000000, 0.145968738E-02, 0.244729657E-04,-0.310444801E-04
    79.591836730,     0.600000000,     0.000000000, 0.153740908E-02, 0.244681577E-04,-0.339032384E-04
    83.571428570,     0.600000000,     0.000000000, 0.161528726E-02, 0.244631549E-04,-0.368563246E-04
    87.551020410,     0.600000000,     0.000000000, 0.169333575E-02, 0.244578817E-04,-0.398971812E-04
    91.530612240,     0.600000000,     0.000000000, 0.177156973E-02, 0.244521193E-04,-0.430197512E-04
    95.510204080,     0.600000000,     0.000000000, 0.185000632E-02, 0.244457939E-04,-0.462180431E-04
    99.489795920,     0.600000000,     0.000000000, 0.192866497E-02, 0.244385274E-04,-0.494876355E-04
   103.469387800,     0.600000000,     0.000000000, 0.200756744E-02, 0.244299522E-04,-0.528251841E-04
   107.448979600,     0.600000000,     0.000000000, 0.208673908E-02, 0.244196876E-04,-0.562290152E-04
   111.428571400,     0.600000000,     0.000000000, 0.216620869E-02, 0.244069309E-04,-0.597008307E-04
   115.408163300,     0.600000000,     0.000000000, 0.224600936E-02, 0.243911237E-04,-0.632445777E-04
   119.387755100,     0.600000000,     0.000000000, 0.232618019E-02, 0.243714154E-04,-0.668691249E-04
   123.367346900,     0.600000000,     0.000000000, 0.240676537E-02, 0.243465072E-04,-0.705903170E-04
   127.346938800,     0.600000000,     0.000000000, 0.248781514E-02, 0.243153784E-04,-0.744298711E-04
   131.326530600,     0.600000000,     0.000000000, 0.256938690E-02, 0.242767336E-04,-0.784192230E-04
   135.306122400,     0.600000000,     0.000000000, 0.265154354E-02, 0.242290000E-04,-0.826017559E-04
   139.285714300,     0.600000000,     0.000000000, 0.273435311E-02, 0.241709516E-04,-0.870333306E-04
   143.265306100,     0.600000000,     0.000000000, 0.281788710E-02, 0.241010071E-04,-0.917867359E-04
   147.244898000,     0.600000000,     0.000000000, 0.290221638E-02, 0.240176438E-04,-0.969528489E-04
   151.224489800,     0.600000000,     0.000000000, 0.298740770E-02, 0.239194381E-04,-0.102642036E-03
   155.204081600,     0.600000000,     0.000000000, 0.307351828E-02, 0.238046714E-04,-0.108985811E-03
   159.183673500,     0.600000000,     0.000000000, 0.316059086E-02, 0.236718312E-04,-0.116135272E-03
   163.163265300,     0.600000000,     0.000000000, 0.324865008E-02, 0.235190534E-04,-0.124261747E-03
   167.142857100,     0.600000000,     0.000000000, 0.333769843E-02, 0.233435220E-04,-0.133558086E-03
   171.122449000,     0.600000000,     0.000000000, 0.342771561E-02, 0.231412867E-04,-0.144240680E-03
   175.102040800,     0.600000000,     0.000000000, 0.351865960E-02, 0.229054806E-04,-0.156561253E-03
   179.081632700,     0.600000000,     0.000000000, 0.361046892E-02, 0.226224382E-04,-0.170832004E-03
   183.061224500,     0.600000000,     0.000000000, 0.370306209E-02, 0.222696679E-04,-0.187471890E-03
   187.040816300,     0.600000000,     0.000000000, 0.379634908E-02, 0.217773461E-04,-0.207165536E-03
   191.020408200,     0.600000000,     0.000000000, 0.389010784E-02, 0.209750384E-04,-0.231230319E-03
   195.000000000,     0.600000000,     0.000000000, 0.398375829E-02, 0.183304580E-04,-0.264607882E-03
     3.979591837,     0.300000000,     0.000000000, 0.764456229E-04, 0.124623792E-04,-0.608479646E-06
     7.959183673,     0.300000000,     0.000000000, 0.152897401E-03, 0.124620300E-04,-0.866806328E-06
    11.938775510,     0.300000000,     0.000000000, 0.229360622E-03, 0.124614017E-04,-0.129718087E-05
    15.918367350,     0.300000000,     0.000000000, 0.305841374E-03, 0.124606685E-04,-0.189721189E-05
    19.897959180,     0.300000000,     0.000000000, 0.382346526E-03, 0.124597329E-04,-0.266627097E-05
    23.877551020,     0.300000000,     0.000000000, 0.458881295E-03, 0.124583999E-04,-0.360384333E-05
    27.857142860,     0.300000000,     0.000000000, 0.535451650E-03, 0.124570223E-04,-0.470542080E-05
    31.836734690,     0.300000000,     0.000000000, 0.612065402E-03, 0.124555456E-04,-0.596876342E-05
    35.816326530,     0.300000000,     0.000000000, 0.688728170E-03, 0.124536135E-04,-0.739310409E-05
    39.795918370,     0.300000000,     0.000000000, 0.765446000E-03, 0.124516783E-04,-0.897226836E-05
    43.775510200,     0.300000000,     0.000000000, 0.842227576E-03, 0.124497580E-04,-0.107023473E-04
    47.755102040,     0.300000000,     0.000000000, 0.919079406E-03, 0.124474010E-04,-0.125818391E-04
    51.734693880,     0.300000000,     0.000000000, 0.996008111E-03, 0.124450433E-04,-0.146036382E-04
    55.714285710,     0.300000000,     0.000000000, 0.107302290E-02, 0.124427259E-04,-0.167624454E-04
    59.693877550,     0.300000000,     0.000000000, 0.115013177E-02, 0.124401505E-04,-0.190546033E-04
    63.673469390,     0.300000000,     0.000000000, 0.122734295E-02, 0.124375628E-04,-0.214731232E-04
    67.653061220,     0.300000000,     0.000000000, 0.130466645E-02, 0.124349883E-04,-0.240119285E-04
    71.632653060,     0.300000000,     0.000000000, 0.138211197E-02, 0.124322459E-04,-0.266657343E-04
    75.612244900,     0.300000000,     0.000000000, 0.145968981E-02, 0.124294350E-04,-0.294274020E-04
    79.591836730,     0.300000000,     0.000000000, 0.153741164E-02, 0.124265470E-04,-0.322902741E-04
    83.571428570,     0.300000000,     0.000000000, 0.161528997E-02, 0.124235391E-04,-0.352476770E-04
    87.551020410,     0.300000000,     0.000000000, 0.169333862E-02, 0.124203783E-04,-0.382930350E-04
    91.530612240,     0.300000000,     0.000000000, 0.177157274E-02, 0.124169398E-04,-0.414203333E-04
    95.510204080,     0.300000000,     0.000000000, 0.185000949E-02, 0.124132020E-04,-0.446235156E-04
    99.489795920,     0.300000000,     0.000000000, 0.192866829E-02, 0.124089695E-04,-0.478982089E-04
   103.469387800,     0.300000000,     0.000000000, 0.200757092E-02, 0.124040634E-04,-0.512410657E-04
   107.448979600,     0.300000000,     0.000000000, 0.208674274E-02, 0.123982924E-04,-0.546503700E-04
   111.428571400,     0.300000000,     0.000000000, 0.216621255E-02, 0.123912506E-04,-0.581279254E-04
   115.408163300,     0.300000000,     0.000000000, 0.224601343E-02, 0.123826598E-04,-0.616776093E-04
   119.387755100,     0.300000000,     0.000000000, 0.232618449E-02, 0.123721035E-04,-0.653082882E-04
   123.367346900,     0.300000000,     0.000000000, 0.240676993E-02, 0.123589239E-04,-0.690359196E-04
   127.346938800,     0.300000000,     0.000000000, 0.248782000E-02, 0.123426168E-04,-0.728821698E-04
   131.326530600,     0.300000000,     0.000000000, 0.256939211E-02, 0.123225409E-04,-0.768784868E-04
   135.306122400,     0.300000000,     0.000000000, 0.265154912E-02, 0.122978933E-04,-0.810683521E-04
   139.285714300,     0.300000000,     0.000000000, 0.273435911E-02, 0.122680829E-04,-0.855075359E-04
   143.265306100,     0.300000000,     0.000000000, 0.281789357E-02, 0.122323087E-04,-0.902688990E-04
   147.244898000,     0.300000000,     0.000000000, 0.290222333E-02, 0.121898114E-04,-0.954433370E-04
   151.224489800,     0.300000000,     0.000000000, 0.298741517E-02, 0.121398878E-04,-0.101141195E-03
   155.204081600,     0.300000000,     0.000000000, 0.307352630E-02, 0.120816845E-04,-0.107494098E-03
   159.183673500,     0.300000000,     0.000000000, 0.316059946E-02, 0.120144527E-04,-0.114653118E-03
   163.163265300,     0.300000000,     0.000000000, 0.324865933E-02, 0.119372739E-04,-0.122789603E-03
   167.142857100,     0.300000000,     0.000000000, 0.333770853E-02, 0.118487569E-04,-0.132096566E-03
   171.122449000,     0.300000000,     0.000000000, 0.342772692E-02, 0.117469380E-04,-0.142790496E-03
   175.102040800,     0.300000000,     0.000000000, 0.351867284E-02, 0.116283760E-04,-0.155123338E-03
   179.081632700,     0.300000000,     0.000000000, 0.361048547E-02, 0.114861746E-04,-0.169408378E-03
   183.061224500,     0.300000000,     0.000000000, 0.370308435E-02, 0.113087274E-04,-0.186064629E-03
   187.040816300,     0.300000000,     0.000000000, 0.379638357E-02, 0.110605268E-04,-0.205787738E-03
   191.020408200,     0.300000000,     0.000000000, 0.389017126E-02, 0.106459719E-04,-0.229911997E-03
   195.000000000,     0.300000000,     0.000000000, 0.398404582E-02, 0.924440779E-05,-0.263826909E-03
     3.979591837,     0.000000000,     0.000000000, 0.764456629E-04, 0.000000000E+00,-0.860293869E-07
     7.959183673,     0.000000000,     0.000000000, 0.152897482E-03, 0.000000000E+00,-0.344471732E-06
    11.938775510,     0.000000000,     0.000000000, 0.229360743E-03, 0.000000000E+00,-0.775019894E-06
    15.918367350,     0.000000000,     0.000000000, 0.305841533E-03, 0.000000000E+00,-0.137527415E-05
    19.897959180,     0.000000000,     0.000000000, 0.382346729E-03, 0.000000000E+00,-0.214462267E-05
    23.877551020,     0.000000000,     0.000000000, 0.458881540E-03, 0.000000000E+00,-0.308259817E-05
    27.857142860,     0.000000000,     0.000000000, 0.535451932E-03, 0.000000000E+00,-0.418460313E-05
    31.836734690,     0.000000000,     0.000000000, 0.612065729E-03, 0.000000000E+00,-0.544841882E-05
    35.816326530,     0.000000000,     0.000000000, 0.688728541E-03, 0.000000000E+00,-0.687337495E-05
    39.795918370,     0.000000000,     0.000000000, 0.765446409E-03, 0.000000000E+00,-0.845317299E-05
    43.775510200,     0.000000000,     0.000000000, 0.842228030E-03, 0.000000000E+00,-0.101839063E-04
    47.755102040,     0.000000000,     0.000000000, 0.919079907E-03, 0.000000000E+00,-0.120642108E-04
    51.734693880,     0.000000000,     0.000000000, 0.996008651E-03, 0.000000000E+00,-0.140868519E-04
    55.714285710,     0.000000000,     0.000000000, 0.107302349E-02, 0.000000000E+00,-0.162465175E-04
    59.693877550,     0.000000000,     0.000000000, 0.115013240E-02, 0.000000000E+00,-0.185396659E-04
    63.673469390,     0.000000000,     0.000000000, 0.122734362E-02, 0.000000000E+00,-0.209592221E-04
    67.653061220,     0.000000000,     0.000000000, 0.130466717E-02, 0.000000000E+00,-0.234990871E-04
    71.632653060,     0.000000000,     0.000000000, 0.138211274E-02, 0.000000000E+00,-0.261540513E-04
    75.612244900,     0.000000000,     0.000000000, 0.145969062E-02, 0.000000000E+00,-0.289169475E-04
    79.591836730,     0.000000000,     0.000000000, 0.153741251E-02, 0.000000000E+00,-0.317810997E-04
    83.571428570,     0.000000000,     0.000000000, 0.161529088E-02, 0.000000000E+00,-0.347398438E-04
    87.551020410,     0.000000000,     0.000000000, 0.169333958E-02, 0.000000000E+00,-0.377865946E-04
    91.530612240,     0.000000000,     0.000000000, 0.177157375E-02, 0.000000000E+00,-0.409153681E-04
    95.510204080,     0.000000000,     0.000000000, 0.185001055E-02, 0.000000000E+00,-0.441200739E-04
    99.489795920,     0.000000000,     0.000000000, 0.192866941E-02, 0.000000000E+00,-0.473963552E-04
   103.469387800,     0.000000000,     0.000000000, 0.200757209E-02, 0.000000000E+00,-0.507408639E-04
   107.448979600,     0.000000000,     0.000000000, 0.208674397E-02, 0.000000000E+00,-0.541518751E-04
   111.428571400,     0.000000000,     0.000000000, 0.216621384E-02, 0.000000000E+00,-0.576312135E-04
   115.408163300,     0.000000000,     0.000000000, 0.224601479E-02, 0.000000000E+00,-0.611827494E-04
   119.387755100,     0.000000000,     0.000000000, 0.232618592E-02, 0.000000000E+00,-0.648153385E-04
   123.367346900,     0.000000000,     0.000000000, 0.240677145E-02, 0.000000000E+00,-0.685449697E-04
   127.346938800,     0.000000000,     0.000000000, 0.248782161E-02, 0.000000000E+00,-0.723932944E-04
   131.326530600,     0.000000000,     0.000000000, 0.256939382E-02, 0.000000000E+00,-0.763917602E-04
   135.306122400,     0.000000000,     0.000000000, 0.265155094E-02, 0.000000000E+00,-0.805838857E-04
   139.285714300,     0.000000000,     0.000000000, 0.273436104E-02, 0.000000000E+00,-0.850254087E-04
   143.265306100,     0.000000000,     0.000000000, 0.281789561E-02, 0.000000000E+00,-0.897892077E-04
   147.244898000,     0.000000000,     0.000000000, 0.290222548E-02, 0.000000000E+00,-0.949661912E-04
   151.224489800,     0.000000000,     0.000000000, 0.298741740E-02, 0.000000000E+00,-0.100666691E-03
   155.204081600,     0.000000000,     0.000000000, 0.307352857E-02, 0.000000000E+00,-0.107022347E-03
   159.183673500,     0.000000000,     0.000000000, 0.316060174E-02, 0.000000000E+00,-0.114184230E-03
   163.163265300,     0.000000000,     0.000000000, 0.324866157E-02, 0.000000000E+00,-0.122323678E-03
   167.142857100,     0.000000000,     0.000000000, 0.333771068E-02, 0.000000000E+00,-0.131633731E-03
   171.122449000,     0.000000000,     0.000000000, 0.342772894E-02, 0.000000000E+00,-0.142330895E-03
   175.102040800,     0.000000000,     0.000000000, 0.351867477E-02, 0.000000000E+00,-0.154667170E-03
   179.081632700,     0.000000000,     0.000000000, 0.361048759E-02, 0.000000000E+00,-0.168956100E-03
   183.061224500,     0.000000000,     0.000000000, 0.370308697E-02, 0.000000000E+00,-0.185616970E-03
   187.040816300,     0.000000000,     0.000000000, 0.379638914E-02, 0.000000000E+00,-0.205348127E-03
   191.020408200,     0.000000000,     0.000000000, 0.389018353E-02, 0.000000000E+00,-0.229495845E-03
   195.000000000,     0.000000000,     0.000000000, 0.398414342E-02, 0.000000000E+00,-0.263596093E-03
