>>>>>>>>>>>>>>>>>>>>>>>>>>>>>>>>>>>>>>
>>>> This is penEasy v.2009-11-04 >>>>
>>>>>>>>>>>>>>>>>>>>>>>>>>>>>>>>>>>>>>

Program timer started on  4 Feb 2026  16:22:28                                                                               
 
>>>>>>>>>>>>>>>>>>>>>>>>>>>>>>>>>>>>>>>>>>>>>>>>>>>>>>>>>>>>
[SECTION CONFIG v.2009-06-15]
No. of histories requested: 
 1.00000E+05
Allotted time (s):
 1.00000E+05
Update interval:
 5.00000E+01
Random seeds:
 1 1
>>>> Config initialization finished >>>>
  
>>>>>>>>>>>>>>>>>>>>>>>>>>>>>>>>>>>>>>>>>>>>>>>>>>>>>>>>>>>>
[SECTION SOURCE BOX ISOTROPIC GAUSS SPECTRUM v.2009-10-30]
Particle type:
 2
Photon polarisation physics:
  not activated
Reading energy spectrum
  Energy(eV)  Relat.Probability   Bin#
  2.92500E+03  9.27996E+06     1
  3.07500E+03  4.21168E+07     2
  3.22500E+03  1.52368E+08     3
  3.37500E+03  5.09606E+08     4
  3.52500E+03  1.82723E+09     5
  3.67500E+03  5.53971E+09     6
  3.82500E+03  2.03323E+10     7
  3.97500E+03  3.44991E+11     8
  4.12500E+03  9.59704E+12     9
  4.27500E+03  3.30067E+11    10
  4.42500E+03  9.45656E+10    11
  4.57500E+03  5.09265E+10    12
  4.72500E+03  4.16561E+10    13
  4.87500E+03  3.58672E+10    14
  5.02500E+03  3.72729E+10    15
  5.17500E+03  3.82665E+10    16
  5.32500E+03  4.54828E+10    17
  5.47500E+03  5.23347E+10    18
  5.62500E+03  6.51839E+10    19
  5.77500E+03  8.52440E+10    20
  5.92500E+03  1.14462E+11    21
  6.07500E+03  1.62682E+11    22
  6.22500E+03  2.64263E+11    23
  6.37500E+03  5.49732E+11    24
  6.52500E+03  3.17939E+12    25
  6.67500E+03  2.15670E+13    26
  6.82500E+03  6.33308E+13    27
  6.97500E+03  1.56945E+14    28
  7.12500E+03  5.83696E+12    29
  7.27500E+03  1.22303E+12    30
  7.42500E+03  5.73029E+11    31
  7.57500E+03  3.81677E+11    32
  7.72500E+03  2.88583E+11    33
  7.87500E+03  3.66515E+11    34
  8.02500E+03  2.89085E+12    35
  8.17500E+03  1.83177E+13    36
  8.32500E+03  2.35573E+13    37
  8.47500E+03  1.63768E+12    38
  8.62500E+03  2.10754E+11    39
  8.77500E+03  1.20082E+11    40
  8.92500E+03  8.73481E+10    41
  9.07500E+03  6.84466E+10    42
  9.22500E+03  5.79832E+10    43
  9.37500E+03  5.15681E+10    44
  9.52500E+03  4.57027E+10    45
  9.67500E+03  4.23194E+10    46
  9.82500E+03  4.01524E+10    47
  9.97500E+03  3.77204E+10    48
  1.01250E+04  3.66538E+10    49
  1.02750E+04  3.62670E+10    50
  1.04250E+04  3.56623E+10    51
  1.05750E+04  3.61075E+10    52
  1.07250E+04  3.71677E+10    53
  1.08750E+04  3.83402E+10    54
  1.10250E+04  4.06608E+10    55
  1.11750E+04  4.40284E+10    56
  1.13250E+04  4.83832E+10    57
  1.14750E+04  5.50264E+10    58
  1.16250E+04  6.50069E+10    59
  1.17750E+04  8.20642E+10    60
  1.19250E+04  1.25085E+11    61
  1.20750E+04  2.14754E+11    62
  1.22250E+04  5.02089E+11    63
  1.23750E+04  4.09534E+12    64
  1.25250E+04  2.14944E+13    65
  1.26750E+04  7.66049E+13    66
  1.28250E+04  1.64073E+12    67
  1.29750E+04  9.99273E+11    68
  1.31250E+04  2.58645E+12    69
  1.32750E+04  7.13322E+12    70
  1.34250E+04  1.50083E+13    71
  1.35750E+04  2.28218E+13    72
  1.37250E+04  2.57908E+13    73
  1.38750E+04  2.30641E+13    74
  1.40250E+04  1.43853E+13    75
  1.41750E+04  1.66523E+12    76
  1.43250E+04  2.47809E+11    77
  1.44750E+04  1.39800E+11    78
  1.46250E+04  9.67926E+10    79
  1.47750E+04  7.46870E+10    80
  1.49250E+04  6.21524E+10    81
  1.50750E+04  5.49814E+10    82
  1.52250E+04  5.14261E+10    83
  1.53750E+04  5.08846E+10    84
  1.55250E+04  5.35968E+10    85
  1.56750E+04  6.12378E+10    86
  1.58250E+04  8.40609E+10    87
  1.59750E+04  2.08105E+11    88
  1.61250E+04  9.80188E+11    89
  1.62750E+04  4.30085E+12    90
  1.64250E+04  1.24459E+13    91
  1.65750E+04  2.25776E+13    92
  1.67250E+04  2.76118E+13    93
  1.68750E+04  2.04700E+13    94
  1.70250E+04  1.47477E+12    95
  1.71750E+04  1.80438E+11    96
  1.73250E+04  9.62419E+10    97
  1.74750E+04  6.44360E+10    98
  1.76250E+04  4.86139E+10    99
  1.77750E+04  3.96349E+10   100
  1.79250E+04  3.41861E+10   101
  1.80750E+04  3.07936E+10   102
  1.82250E+04  2.87402E+10   103
  1.83750E+04  2.76439E+10   104
  1.85250E+04  2.73073E+10   105
  1.86750E+04  2.76840E+10   106
  1.88250E+04  2.89723E+10   107
  1.89750E+04  3.18304E+10   108
  1.91250E+04  3.82900E+10   109
  1.92750E+04  5.34717E+10   110
  1.94250E+04  8.71843E+10   111
  1.95750E+04  1.52016E+11   112
  1.97250E+04  2.53480E+11   113
  1.98750E+04  3.87207E+11   114
  2.00250E+04  6.00445E+11   115
  2.01750E+04  1.14745E+12   116
  2.03250E+04  2.46216E+12   117
  2.04750E+04  4.50787E+12   118
  2.06250E+04  6.48171E+12   119
  2.07750E+04  9.08195E+12   120
  2.09250E+04  1.91091E+13   121
  2.10750E+04  5.07202E+13   122
  2.12250E+04  6.93513E+13   123
  2.13750E+04  3.71457E+12   124
  2.15250E+04  5.35708E+11   125
  2.16750E+04  2.51972E+11   126
  2.18250E+04  1.51336E+11   127
  2.19750E+04  1.02994E+11   128
  2.21250E+04  7.59278E+10   129
  2.22750E+04  5.92630E+10   130
  2.24250E+04  4.83363E+10   131
  2.25750E+04  4.08676E+10   132
  2.27250E+04  3.56310E+10   133
  2.28750E+04  3.19257E+10   134
  2.30250E+04  2.93387E+10   135
  2.31750E+04  2.76288E+10   136
  2.33250E+04  2.66929E+10   137
  2.34750E+04  2.67201E+10   138
  2.36250E+04  2.84932E+10   139
  2.37750E+04  3.44448E+10   140
  2.39250E+04  4.88787E+10   141
  2.40750E+04  7.24721E+10   142
  2.42250E+04  9.06959E+10   143
  2.43750E+04  1.02402E+11   144
  2.45250E+04  2.93985E+11   145
  2.46750E+04  1.28895E+12   146
  2.48250E+04  3.96146E+12   147
  2.49750E+04  8.60197E+12   148
  2.51250E+04  1.42839E+13   149
  2.52750E+04  1.78246E+13   150
  2.54250E+04  1.19093E+13   151
  2.55750E+04  1.12797E+12   152
  2.57250E+04  1.30821E+11   153
  2.58750E+04  8.57920E+10   154
  2.60250E+04  8.51616E+10   155
  2.61750E+04  1.24564E+11   156
  2.63250E+04  2.39139E+11   157
  2.64750E+04  5.02422E+11   158
  2.66250E+04  1.02928E+12   159
  2.67750E+04  1.95751E+12   160
  2.69250E+04  3.39590E+12   161
  2.70750E+04  5.35129E+12   162
  2.72250E+04  7.67913E+12   163
  2.73750E+04  1.01074E+13   164
  2.75250E+04  1.23284E+13   165
  2.76750E+04  1.40745E+13   166
  2.78250E+04  1.50679E+13   167
  2.79750E+04  1.47383E+13   168
  2.81250E+04  1.19741E+13   169
  2.82750E+04  6.84723E+12   170
  2.84250E+04  1.86156E+12   171
  2.85750E+04  1.99017E+12   172
  2.87250E+04  3.63125E+12   173
  2.88750E+04  5.45282E+12   174
  2.90250E+04  6.41760E+12   175
  2.91750E+04  5.65659E+12   176
  2.93250E+04  3.43626E+12   177
  2.94750E+04  2.97046E+12   178
  2.96250E+04  8.42184E+12   179
  2.97750E+04  1.07794E+13   180
  2.99250E+04  6.36768E+11   181
  3.00750E+04  8.43410E+10   182
  3.02250E+04  4.80246E+10   183
  3.03750E+04  3.42131E+10   184
  3.05250E+04  2.71352E+10   185
  3.06750E+04  2.29645E+10   186
  3.08250E+04  2.03257E+10   187
  3.09750E+04  1.86202E+10   188
  3.11250E+04  1.75619E+10   189
  3.12750E+04  1.70509E+10   190
  3.14250E+04  1.72095E+10   191
  3.15750E+04  1.87422E+10   192
  3.17250E+04  2.40845E+10   193
  3.18750E+04  4.01722E+10   194
  3.20250E+04  8.32540E+10   195
  3.21750E+04  1.83046E+11   196
  3.23250E+04  3.76498E+11   197
  3.24750E+04  6.77358E+11   198
  3.26250E+04  1.02542E+12   199
  3.27750E+04  1.27095E+12   200
  3.29250E+04  1.28357E+12   201
  3.30750E+04  1.18240E+12   202
  3.32250E+04  1.49086E+12   203
  3.33750E+04  2.99128E+12   204
  3.35250E+04  6.28145E+12   205
  3.36750E+04  1.09033E+13   206
  3.38250E+04  1.35152E+13   207
  3.39750E+04  9.97148E+12   208
  3.41250E+04  3.87090E+12   209
  3.42750E+04  2.68411E+12   210
  3.44250E+04  2.00578E+12   211
  3.45750E+04  1.29725E+12   212
  3.47250E+04  8.36363E+11   213
  3.48750E+04  1.22268E+12   214
  3.50250E+04  3.56094E+12   215
  3.51750E+04  7.32354E+12   216
  3.53250E+04  1.06597E+13   217
  3.54750E+04  1.09142E+13   218
  3.56250E+04  1.83990E+12   219
  3.57750E+04  1.59633E+11   220
  3.59250E+04  8.56452E+10   221
  3.60750E+04  7.20037E+10   222
  3.62250E+04  7.18074E+10   223
  3.63750E+04  7.03753E+10   224
  3.65250E+04  6.35473E+10   225
  3.66750E+04  8.01812E+10   226
  3.68250E+04  2.16348E+11   227
  3.69750E+04  6.38905E+11   228
  3.71250E+04  1.50421E+12   229
  3.72750E+04  2.79460E+12   230
  3.74250E+04  4.18134E+12   231
  3.75750E+04  5.05540E+12   232
  3.77250E+04  4.80236E+12   233
  3.78750E+04  3.59904E+12   234
  3.80250E+04  3.31888E+12   235
  3.81750E+04  4.74913E+12   236
  3.83250E+04  4.75561E+12   237
  3.84750E+04  4.95347E+11   238
  3.86250E+04  5.95640E+10   239
  3.87750E+04  4.37132E+10   240
  3.89250E+04  4.64149E+10   241
  3.90750E+04  5.77012E+10   242
  3.92250E+04  7.63280E+10   243
  3.93750E+04  1.01438E+11   244
  3.95250E+04  1.30906E+11   245
  3.96750E+04  1.60512E+11   246
  3.98250E+04  1.84044E+11   247
  3.99750E+04  1.95186E+11   248
  4.01250E+04  1.92270E+11   249
  4.02750E+04  1.86566E+11   250
  4.04250E+04  2.12662E+11   251
  4.05750E+04  3.35040E+11   252
  4.07250E+04  6.39593E+11   253
  4.08750E+04  1.19929E+12   254
  4.10250E+04  2.01864E+12   255
  4.11750E+04  2.99151E+12   256
  4.13250E+04  3.92580E+12   257
  4.14750E+04  4.66041E+12   258
  4.16250E+04  5.22480E+12   259
  4.17750E+04  5.92996E+12   260
  4.19250E+04  7.27358E+12   261
  4.20750E+04  9.50047E+12   262
  4.22250E+04  1.16901E+13   263
  4.23750E+04  1.15955E+13   264
  4.25250E+04  7.06079E+12   265
  4.26750E+04  1.32414E+12   266
  4.28250E+04  1.30503E+11   267
  4.29750E+04  5.86781E+10   268
  4.31250E+04  3.91427E+10   269
  4.32750E+04  2.91790E+10   270
  4.34250E+04  2.34197E+10   271
  4.35750E+04  2.02205E+10   272
  4.37250E+04  1.94922E+10   273
  4.38750E+04  2.25689E+10   274
  4.40250E+04  3.26905E+10   275
  4.41750E+04  5.53902E+10   276
  4.43250E+04  9.77244E+10   277
  4.44750E+04  1.64917E+11   278
  4.46250E+04  2.53744E+11   279
  4.47750E+04  3.45110E+11   280
  4.49250E+04  4.03158E+11   281
  4.50750E+04  3.90749E+11   282
  4.52250E+04  3.04132E+11   283
  4.53750E+04  2.11005E+11   284
  4.55250E+04  2.57651E+11   285
  4.56750E+04  6.14277E+11   286
  4.58250E+04  1.36196E+12   287
  4.59750E+04  2.36856E+12   288
  4.61250E+04  3.23507E+12   289
  4.62750E+04  3.49203E+12   290
  4.64250E+04  3.20101E+12   291
  4.65750E+04  2.79791E+12   292
  4.67250E+04  3.01127E+12   293
  4.68750E+04  2.62371E+12   294
  4.70250E+04  8.55400E+11   295
  4.71750E+04  7.72920E+11   296
  4.73250E+04  1.05763E+12   297
  4.74750E+04  1.40167E+12   298
  4.76250E+04  1.77144E+12   299
  4.77750E+04  2.13162E+12   300
  4.79250E+04  2.44061E+12   301
  4.80750E+04  2.65508E+12   302
  4.82250E+04  2.73551E+12   303
  4.83750E+04  2.65243E+12   304
  4.85250E+04  2.39540E+12   305
  4.86750E+04  1.99181E+12   306
  4.88250E+04  1.55233E+12   307
  4.89750E+04  1.33706E+12   308
  4.91250E+04  1.62522E+12   309
  4.92750E+04  2.33355E+12   310
  4.94250E+04  3.35673E+12   311
  4.95750E+04  4.84673E+12   312
  4.97250E+04  5.13099E+12   313
  4.98750E+04  2.90623E+12   314
  5.00250E+04  1.97812E+12   315
  5.01750E+04  1.53923E+12   316
  5.03250E+04  1.05080E+12   317
  5.04750E+04  9.68841E+11   318
  5.06250E+04  1.69260E+12   319
  5.07750E+04  2.88932E+12   320
  5.09250E+04  3.55886E+12   321
  5.10750E+04  2.32375E+12   322
  5.12250E+04  4.66773E+11   323
  5.13750E+04  4.51916E+10   324
  5.15250E+04  2.02846E+10   325
  5.16750E+04  1.64291E+10   326
  5.18250E+04  1.58275E+10   327
  5.19750E+04  1.75473E+10   328
  5.21250E+04  2.23418E+10   329
  5.22750E+04  3.27215E+10   330
  5.24250E+04  5.39763E+10   331
  5.25750E+04  9.53163E+10   332
  5.27250E+04  1.70025E+11   333
  5.28750E+04  2.92948E+11   334
  5.30250E+04  4.73901E+11   335
  5.31750E+04  7.07598E+11   336
  5.33250E+04  9.64484E+11   337
  5.34750E+04  1.19047E+12   338
  5.36250E+04  1.32312E+12   339
  5.37750E+04  1.32436E+12   340
  5.39250E+04  1.21690E+12   341
  5.40750E+04  1.10061E+12   342
  5.42250E+04  1.12578E+12   343
  5.43750E+04  1.41425E+12   344
  5.45250E+04  1.94762E+12   345
  5.46750E+04  2.50557E+12   346
  5.48250E+04  2.81127E+12   347
  5.49750E+04  2.70330E+12   348
  5.51250E+04  2.20140E+12   349
  5.52750E+04  1.95869E+12   350
  5.54250E+04  1.52635E+12   351
  5.55750E+04  8.05397E+11   352
  5.57250E+04  9.89816E+11   353
  5.58750E+04  1.54430E+12   354
  5.60250E+04  2.19193E+12   355
  5.61750E+04  2.76641E+12   356
  5.63250E+04  3.10334E+12   357
  5.64750E+04  3.09986E+12   358
  5.66250E+04  2.63951E+12   359
  5.67750E+04  1.62500E+12   360
  5.69250E+04  5.86309E+11   361
  5.70750E+04  2.38913E+11   362
  5.72250E+04  2.01399E+11   363
  5.73750E+04  1.73207E+11   364
  5.75250E+04  1.33792E+11   365
  5.76750E+04  1.14067E+11   366
  5.78250E+04  1.63057E+11   367
  5.79750E+04  3.26206E+11   368
  5.81250E+04  6.14025E+11   369
  5.82750E+04  9.74920E+11   370
  5.84250E+04  1.29340E+12   371
  5.85750E+04  1.43295E+12   372
  5.87250E+04  1.32918E+12   373
  5.88750E+04  1.09700E+12   374
  5.90250E+04  1.01447E+12   375
  5.91750E+04  1.27116E+12   376
  5.93250E+04  1.80364E+12   377
  5.94750E+04  2.15505E+12   378
  5.96250E+04  1.45475E+12   379
  5.97750E+04  4.24733E+11   380
  5.99250E+04  1.36543E+11   381
  6.00750E+04  1.16679E+11   382
  6.02250E+04  1.13402E+11   383
  6.03750E+04  1.06838E+11   384
  6.05250E+04  9.63699E+10   385
  6.06750E+04  8.38706E+10   386
  6.08250E+04  7.41370E+10   387
  6.09750E+04  7.62224E+10   388
  6.11250E+04  1.04644E+11   389
  6.12750E+04  1.79194E+11   390
  6.14250E+04  3.21719E+11   391
  6.15750E+04  5.48744E+11   392
  6.17250E+04  8.60791E+11   393
  6.18750E+04  1.23227E+12   394
  6.20250E+04  1.60834E+12   395
  6.21750E+04  1.91503E+12   396
  6.23250E+04  2.08401E+12   397
  6.24750E+04  2.08583E+12   398
  6.26250E+04  1.95713E+12   399
  6.27750E+04  1.80467E+12   400
  6.29250E+04  1.77096E+12   401
  6.30750E+04  1.95113E+12   402
  6.32250E+04  2.29601E+12   403
  6.33750E+04  2.60526E+12   404
  6.35250E+04  2.64713E+12   405
  6.36750E+04  2.49503E+12   406
  6.38250E+04  2.52329E+12   407
  6.39750E+04  1.96559E+12   408
  6.41250E+04  6.71958E+11   409
  6.42750E+04  1.00587E+11   410
  6.44250E+04  2.60441E+10   411
  6.45750E+04  2.09592E+10   412
  6.47250E+04  2.66213E+10   413
  6.48750E+04  4.26144E+10   414
  6.50250E+04  7.23783E+10   415
  6.51750E+04  1.18439E+11   416
  6.53250E+04  1.79621E+11   417
  6.54750E+04  2.48561E+11   418
  6.56250E+04  3.11004E+11   419
  6.57750E+04  3.48618E+11   420
  6.59250E+04  3.46120E+11   421
  6.60750E+04  3.01160E+11   422
  6.62250E+04  2.32611E+11   423
  6.63750E+04  1.81203E+11   424
  6.65250E+04  1.97762E+11   425
  6.66750E+04  3.19484E+11   426
  6.68250E+04  5.42706E+11   427
  6.69750E+04  8.09008E+11   428
  6.71250E+04  1.02543E+12   429
  6.72750E+04  1.12702E+12   430
  6.74250E+04  1.13864E+12   431
  6.75750E+04  1.15051E+12   432
  6.77250E+04  1.25865E+12   433
  6.78750E+04  1.54080E+12   434
  6.80250E+04  1.76447E+12   435
  6.81750E+04  1.42312E+12   436
  6.83250E+04  8.99445E+11   437
  6.84750E+04  7.40747E+11   438
  6.86250E+04  7.34873E+11   439
  6.87750E+04  7.20798E+11   440
  6.89250E+04  6.79390E+11   441
  6.90750E+04  6.12470E+11   442
  6.92250E+04  5.27504E+11   443
  6.93750E+04  4.37869E+11   444
  6.95250E+04  3.64302E+11   445
  6.96750E+04  3.35259E+11   446
  6.98250E+04  3.83097E+11   447
  6.99750E+04  5.32549E+11   448
  7.01250E+04  7.84356E+11   449
  7.02750E+04  1.10945E+12   450
  7.04250E+04  1.46104E+12   451
  7.05750E+04  1.77677E+12   452
  7.07250E+04  1.95349E+12   453
  7.08750E+04  1.83952E+12   454
  7.10250E+04  1.35858E+12   455
  7.11750E+04  7.81469E+11   456
  7.13250E+04  4.68276E+11   457
  7.14750E+04  4.08155E+11   458
  7.16250E+04  5.19466E+11   459
  7.17750E+04  7.63516E+11   460
  7.19250E+04  1.02788E+12   461
  7.20750E+04  1.11805E+12   462
  7.22250E+04  9.69315E+11   463
  7.23750E+04  7.42280E+11   464
  7.25250E+04  4.43425E+11   465
  7.26750E+04  1.60428E+11   466
  7.28250E+04  6.92119E+10   467
  7.29750E+04  6.87411E+10   468
  7.31250E+04  8.25788E+10   469
  7.32750E+04  1.02183E+11   470
  7.34250E+04  1.30575E+11   471
  7.35750E+04  1.72420E+11   472
  7.37250E+04  2.31966E+11   473
  7.38750E+04  3.10427E+11   474
  7.40250E+04  4.03081E+11   475
  7.41750E+04  4.97470E+11   476
  7.43250E+04  5.74407E+11   477
  7.44750E+04  6.12948E+11   478
  7.46250E+04  5.98867E+11   479
  7.47750E+04  5.33851E+11   480
  7.49250E+04  4.40719E+11   481
  7.50750E+04  3.59726E+11   482
  7.52250E+04  3.33823E+11   483
  7.53750E+04  3.87000E+11   484
  7.55250E+04  5.08133E+11   485
  7.56750E+04  6.56436E+11   486
  7.58250E+04  7.88778E+11   487
  7.59750E+04  8.78601E+11   488
  7.61250E+04  9.21674E+11   489
  7.62750E+04  9.77640E+11   490
  7.64250E+04  1.14040E+12   491
  7.65750E+04  1.28160E+12   492
  7.67250E+04  1.12819E+12   493
  7.68750E+04  8.73733E+11   494
  7.70250E+04  7.95838E+11   495
  7.71750E+04  8.08351E+11   496
  7.73250E+04  8.11617E+11   497
  7.74750E+04  7.77656E+11   498
  7.76250E+04  7.11779E+11   499
  7.77750E+04  6.57041E+11   500
  7.79250E+04  6.77467E+11   501
  7.80750E+04  7.51895E+11   502
  7.82250E+04  6.67752E+11   503
  7.83750E+04  3.82596E+11   504
  7.85250E+04  1.74683E+11   505
  7.86750E+04  1.14549E+11   506
  7.88250E+04  1.23528E+11   507
  7.89750E+04  1.76143E+11   508
  7.91250E+04  2.64686E+11   509
  7.92750E+04  3.68263E+11   510
  7.94250E+04  4.54766E+11   511
  7.95750E+04  4.95419E+11   512
  7.97250E+04  4.82642E+11   513
  7.98750E+04  4.39185E+11   514
  8.00250E+04  4.10425E+11   515
  8.01750E+04  4.44418E+11   516
  8.03250E+04  5.61119E+11   517
  8.04750E+04  7.10123E+11   518
  8.06250E+04  7.74815E+11   519
  8.07750E+04  6.92756E+11   520
  8.09250E+04  5.24248E+11   521
  8.10750E+04  3.16191E+11   522
  8.12250E+04  1.46770E+11   523
  8.13750E+04  8.88798E+10   524
  8.15250E+04  9.16400E+10   525
  8.16750E+04  1.08574E+11   526
  8.18250E+04  1.31460E+11   527
  8.19750E+04  1.61542E+11   528
  8.21250E+04  2.02360E+11   529
  8.22750E+04  2.58093E+11   530
  8.24250E+04  3.31600E+11   531
  8.25750E+04  4.21741E+11   532
  8.27250E+04  5.20947E+11   533
  8.28750E+04  6.14501E+11   534
  8.30250E+04  6.82940E+11   535
  8.31750E+04  7.08045E+11   536
  8.33250E+04  6.81167E+11   537
  8.34750E+04  6.10609E+11   538
  8.36250E+04  5.23568E+11   539
  8.37750E+04  4.59029E+11   540
  8.39250E+04  4.52398E+11   541
  8.40750E+04  5.19498E+11   542
  8.42250E+04  6.50012E+11   543
  8.43750E+04  8.10286E+11   544
  8.45250E+04  9.50460E+11   545
  8.46750E+04  1.03346E+12   546
  8.48250E+04  1.08066E+12   547
  8.49750E+04  1.12271E+12   548
  8.51250E+04  1.03735E+12   549
  8.52750E+04  6.82974E+11   550
  8.54250E+04  2.75225E+11   551
  8.55750E+04  7.59704E+10   552
  8.57250E+04  3.39116E+10   553
  8.58750E+04  3.82395E+10   554
  8.60250E+04  5.54951E+10   555
  8.61750E+04  8.12451E+10   556
  8.63250E+04  1.12751E+11   557
  8.64750E+04  1.45012E+11   558
  8.66250E+04  1.71317E+11   559
  8.67750E+04  1.85246E+11   560
  8.69250E+04  1.83509E+11   561
  8.70750E+04  1.68553E+11   562
  8.72250E+04  1.49546E+11   563
  8.73750E+04  1.40498E+11   564
  8.75250E+04  1.55344E+11   565
  8.76750E+04  2.01433E+11   566
  8.78250E+04  2.74524E+11   567
  8.79750E+04  3.58792E+11   568
  8.81250E+04  4.33252E+11   569
  8.82750E+04  4.81775E+11   570
  8.84250E+04  5.01228E+11   571
  8.85750E+04  5.05053E+11   572
  8.87250E+04  5.20858E+11   573
  8.88750E+04  5.73169E+11   574
  8.90250E+04  6.48941E+11   575
  8.91750E+04  6.85083E+11   576
  8.93250E+04  6.29935E+11   577
  8.94750E+04  5.00614E+11   578
  8.96250E+04  3.43705E+11   579
  8.97750E+04  2.20726E+11   580
  8.99250E+04  1.67007E+11   581
  9.00750E+04  1.56808E+11   582
  9.02250E+04  1.63333E+11   583
  9.03750E+04  1.79049E+11   584
  9.05250E+04  2.02935E+11   585
  9.06750E+04  2.35002E+11   586
  9.08250E+04  2.76143E+11   587
  9.09750E+04  3.28226E+11   588
  9.11250E+04  3.92580E+11   589
  9.12750E+04  4.66060E+11   590
  9.14250E+04  5.37146E+11   591
  9.15750E+04  5.87279E+11   592
  9.17250E+04  5.99392E+11   593
  9.18750E+04  5.69533E+11   594
  9.20250E+04  5.16016E+11   595
  9.21750E+04  4.73024E+11   596
  9.23250E+04  4.46678E+11   597
  9.24750E+04  3.92567E+11   598
  9.26250E+04  3.14887E+11   599
  9.27750E+04  2.93489E+11   600
  9.29250E+04  3.43846E+11   601
  9.30750E+04  4.01381E+11   602
  9.32250E+04  4.15319E+11   603
  9.33750E+04  3.97500E+11   604
  9.35250E+04  3.87593E+11   605
  9.36750E+04  3.60262E+11   606
  9.38250E+04  2.66001E+11   607
  9.39750E+04  1.59375E+11   608
  9.41250E+04  1.08444E+11   609
  9.42750E+04  9.94385E+10   610
  9.44250E+04  1.03301E+11   611
  9.45750E+04  1.11987E+11   612
  9.47250E+04  1.25715E+11   613
  9.48750E+04  1.44604E+11   614
  9.50250E+04  1.66717E+11   615
  9.51750E+04  1.87869E+11   616
  9.53250E+04  2.02534E+11   617
  9.54750E+04  2.05765E+11   618
  9.56250E+04  1.95607E+11   619
  9.57750E+04  1.75014E+11   620
  9.59250E+04  1.52135E+11   621
  9.60750E+04  1.38265E+11   622
  9.62250E+04  1.43850E+11   623
  9.63750E+04  1.74149E+11   624
  9.65250E+04  2.26689E+11   625
  9.66750E+04  2.91669E+11   626
  9.68250E+04  3.54855E+11   627
  9.69750E+04  4.02598E+11   628
  9.71250E+04  4.29665E+11   629
  9.72750E+04  4.46293E+11   630
  9.74250E+04  4.72339E+11   631
  9.75750E+04  5.11729E+11   632
  9.77250E+04  5.33979E+11   633
  9.78750E+04  5.03805E+11   634
  9.80250E+04  4.23594E+11   635
  9.81750E+04  3.27916E+11   636
  9.83250E+04  2.58996E+11   637
  9.84750E+04  2.35573E+11   638
  9.86250E+04  2.45245E+11   639
  9.87750E+04  2.74099E+11   640
  9.89250E+04  3.16163E+11   641
  9.90750E+04  3.60844E+11   642
  9.92250E+04  3.83510E+11   643
  9.93750E+04  3.51903E+11   644
  9.95250E+04  2.61375E+11   645
  9.96750E+04  1.61540E+11   646
  9.98250E+04  1.06824E+11   647
  9.99750E+04  1.00970E+11   648
  1.00125E+05  1.20699E+11   649
  1.00275E+05  1.48277E+11   650
  1.00425E+05  1.72970E+11   651
  1.00575E+05  1.87166E+11   652
  1.00725E+05  1.87455E+11   653
  1.00875E+05  1.76619E+11   654
  1.01025E+05  1.64352E+11   655
  1.01175E+05  1.65073E+11   656
  1.01325E+05  1.89964E+11   657
  1.01475E+05  2.34793E+11   658
  1.01625E+05  2.76631E+11   659
  1.01775E+05  2.92802E+11   660
  1.01925E+05  2.86898E+11   661
  1.02075E+05  2.77143E+11   662
  1.02225E+05  2.54243E+11   663
  1.02375E+05  2.02151E+11   664
  1.02525E+05  1.49591E+11   665
  1.02675E+05  1.27871E+11   666
  1.02825E+05  1.29427E+11   667
  1.02975E+05  1.37434E+11   668
  1.03125E+05  1.45747E+11   669
  1.03275E+05  1.54525E+11   670
  1.03425E+05  1.64966E+11   671
  1.03575E+05  1.77471E+11   672
  1.03725E+05  1.90939E+11   673
  1.03875E+05  2.02745E+11   674
  1.04025E+05  2.09503E+11   675
  1.04175E+05  2.08511E+11   676
  1.04325E+05  1.99366E+11   677
  1.04475E+05  1.85017E+11   678
  1.04625E+05  1.71615E+11   679
  1.04775E+05  1.67080E+11   680
  1.04925E+05  1.78829E+11   681
  1.05075E+05  2.11192E+11   682
  1.05225E+05  2.62675E+11   683
  1.05375E+05  3.23796E+11   684
  1.05525E+05  3.78373E+11   685
  1.05675E+05  4.11340E+11   686
  1.05825E+05  4.19712E+11   687
  1.05975E+05  4.14467E+11   688
  1.06125E+05  4.05742E+11   689
  1.06275E+05  3.88197E+11   690
  1.06425E+05  3.49659E+11   691
  1.06575E+05  2.84908E+11   692
  1.06725E+05  1.98060E+11   693
  1.06875E+05  1.13406E+11   694
  1.07025E+05  6.26604E+10   695
  1.07175E+05  5.00171E+10   696
  1.07325E+05  5.77946E+10   697
  1.07475E+05  7.13532E+10   698
  1.07625E+05  8.44043E+10   699
  1.07775E+05  9.39223E+10   700
  1.07925E+05  9.86826E+10   701
  1.08075E+05  9.92523E+10   702
  1.08225E+05  9.80284E+10   703
  1.08375E+05  9.86057E+10   704
  1.08525E+05  1.04519E+11   705
  1.08675E+05  1.17777E+11   706
  1.08825E+05  1.37768E+11   707
  1.08975E+05  1.61035E+11   708
  1.09125E+05  1.82098E+11   709
  1.09275E+05  1.95311E+11   710
  1.09425E+05  1.97648E+11   711
  1.09575E+05  1.91628E+11   712
  1.09725E+05  1.85822E+11   713
  1.09875E+05  1.89898E+11   714
  1.10025E+05  2.05675E+11   715
  1.10175E+05  2.22877E+11   716
  1.10325E+05  2.28121E+11   717
  1.10475E+05  2.19662E+11   718
  1.10625E+05  2.04359E+11   719
  1.10775E+05  1.80584E+11   720
  1.10925E+05  1.46906E+11   721
  1.11075E+05  1.19312E+11   722
  1.11225E+05  1.11425E+11   723
  1.11375E+05  1.17900E+11   724
  1.11525E+05  1.28084E+11   725
  1.11675E+05  1.36976E+11   726
  1.11825E+05  1.44237E+11   727
  1.11975E+05  1.51133E+11   728
  1.12125E+05  1.58888E+11   729
  1.12275E+05  1.67700E+11   730
  1.12425E+05  1.76457E+11   731
  1.12575E+05  1.83432E+11   732
  1.12725E+05  1.87622E+11   733
  1.12875E+05  1.89865E+11   734
  1.13025E+05  1.92863E+11   735
  1.13175E+05  1.99564E+11   736
  1.13325E+05  2.09817E+11   737
  1.13475E+05  2.17141E+11   738
  1.13625E+05  2.11864E+11   739
  1.13775E+05  1.93833E+11   740
  1.13925E+05  1.77639E+11   741
  1.14075E+05  1.74566E+11   742
  1.14225E+05  1.78726E+11   743
  1.14375E+05  1.80826E+11   744
  1.14525E+05  1.82722E+11   745
  1.14675E+05  1.89170E+11   746
  1.14825E+05  1.93309E+11   747
  1.14975E+05  1.80613E+11   748
  1.15125E+05  1.46765E+11   749
  1.15275E+05  1.04054E+11   750
  1.15425E+05  6.99139E+10   751
  1.15575E+05  5.22714E+10   752
  1.15725E+05  4.75481E+10   753
  1.15875E+05  4.97607E+10   754
  1.16025E+05  5.54922E+10   755
  1.16175E+05  6.29009E+10   756
  1.16325E+05  7.03277E+10   757
  1.16475E+05  7.62236E+10   758
  1.16625E+05  7.96643E+10   759
  1.16775E+05  8.08332E+10   760
  1.16925E+05  8.11662E+10   761
  1.17075E+05  8.30278E+10   762
  1.17225E+05  8.89515E+10   763
  1.17375E+05  1.00620E+11   764
  1.17525E+05  1.17860E+11   765
  1.17675E+05  1.38052E+11   766
  1.17825E+05  1.56570E+11   767
  1.17975E+05  1.68757E+11   768
  1.18125E+05  1.72948E+11   769
  1.18275E+05  1.72366E+11   770
  1.18425E+05  1.73249E+11   771
  1.18575E+05  1.79325E+11   772
  1.18725E+05  1.87458E+11   773
  1.18875E+05  1.90541E+11   774
  1.19025E+05  1.85380E+11   775
  1.19175E+05  1.73872E+11   776
  1.19325E+05  1.57544E+11   777
  1.19475E+05  1.40103E+11   778
  1.19625E+05  1.30821E+11   779
  1.19775E+05  1.34709E+11   780
  1.19925E+05  1.46120E+11   781
  1.20075E+05  1.55585E+11   782
  1.20225E+05  1.56756E+11   783
  1.20375E+05  1.48326E+11   784
  1.20525E+05  1.33853E+11   785
  1.20675E+05  1.19218E+11   786
  1.20825E+05  1.06763E+11   787
  1.20975E+05  9.39775E+10   788
  1.21125E+05  8.07635E+10   789
  1.21275E+05  7.22344E+10   790
  1.21425E+05  7.10791E+10   791
  1.21575E+05  7.36669E+10   792
  1.21725E+05  7.49792E+10   793
  1.21875E+05  7.32397E+10   794
  1.22025E+05  7.04089E+10   795
  1.22175E+05  7.08445E+10   796
  1.22325E+05  7.85273E+10   797
  1.22475E+05  9.37854E+10   798
  1.22625E+05  1.12008E+11   799
  1.22775E+05  1.26655E+11   800
  1.22925E+05  1.35030E+11   801
  1.23075E+05  1.40648E+11   802
  1.23225E+05  1.47624E+11   803
  1.23375E+05  1.52949E+11   804
  1.23525E+05  1.48232E+11   805
  1.23675E+05  1.30006E+11   806
  1.23825E+05  1.04819E+11   807
  1.23975E+05  8.28853E+10   808
  1.24125E+05  6.91900E+10   809
  1.24275E+05  6.23743E+10   810
  1.24425E+05  5.94757E+10   811
  1.24575E+05  5.90685E+10   812
  1.24725E+05  6.07695E+10   813
  1.24875E+05  6.41442E+10   814
  1.25025E+05  6.83478E+10   815
  1.25175E+05  7.23249E+10   816
  1.25325E+05  7.52432E+10   817
  1.25475E+05  7.69577E+10   818
  1.25625E+05  7.83181E+10   819
  1.25775E+05  8.11243E+10   820
  1.25925E+05  8.75583E+10   821
  1.26075E+05  9.90821E+10   822
  1.26225E+05  1.15169E+11   823
  1.26375E+05  1.32708E+11   824
  1.26525E+05  1.46970E+11   825
  1.26675E+05  1.54191E+11   826
  1.26825E+05  1.54243E+11   827
  1.26975E+05  1.51062E+11   828
  1.27125E+05  1.49713E+11   829
  1.27275E+05  1.52241E+11   830
  1.27425E+05  1.56347E+11   831
  1.27575E+05  1.57293E+11   832
  1.27725E+05  1.49202E+11   833
  1.27875E+05  1.27219E+11   834
  1.28025E+05  9.44399E+10   835
  1.28175E+05  6.36504E+10   836
  1.28325E+05  4.60021E+10   837
  1.28475E+05  4.17644E+10   838
  1.28625E+05  4.45566E+10   839
  1.28775E+05  4.88543E+10   840
  1.28925E+05  5.20303E+10   841
  1.29075E+05  5.34013E+10   842
  1.29225E+05  5.32887E+10   843
  1.29375E+05  5.26175E+10   844
  1.29525E+05  5.25875E+10   845
  1.29675E+05  5.42432E+10   846
  1.29825E+05  5.80008E+10   847
  1.29975E+05  6.33040E+10   848
  1.30125E+05  6.86404E+10   849
  1.30275E+05  7.21098E+10   850
  1.30425E+05  7.24985E+10   851
  1.30575E+05  7.03542E+10   852
  1.30725E+05  6.81817E+10   853
  1.30875E+05  6.91327E+10   854
  1.31025E+05  7.46991E+10   855
  1.31175E+05  8.32393E+10   856
  1.31325E+05  9.11680E+10   857
  1.31475E+05  9.63345E+10   858
  1.31625E+05  1.00013E+11   859
  1.31775E+05  1.04363E+11   860
  1.31925E+05  1.08058E+11   861
  1.32075E+05  1.06587E+11   862
  1.32225E+05  9.77061E+10   863
  1.32375E+05  8.47115E+10   864
  1.32525E+05  7.31624E+10   865
  1.32675E+05  6.58448E+10   866
  1.32825E+05  6.18998E+10   867
  1.32975E+05  5.95859E+10   868
  1.33125E+05  5.82563E+10   869
  1.33275E+05  5.82719E+10   870
  1.33425E+05  6.02237E+10   871
  1.33575E+05  6.43778E+10   872
  1.33725E+05  7.05131E+10   873
  1.33875E+05  7.78051E+10   874
  1.34025E+05  8.50555E+10   875
  1.34175E+05  9.09828E+10   876
  1.34325E+05  9.46330E+10   877
  1.34475E+05  9.58349E+10   878
  1.34625E+05  9.55283E+10   879
  1.34775E+05  9.54627E+10   880
  1.34925E+05  9.67150E+10   881
  1.35075E+05  9.79662E+10   882
  1.35225E+05  9.63348E+10   883
  1.35375E+05  9.10769E+10   884
  1.35525E+05  8.52183E+10   885
  1.35675E+05  8.23842E+10   886
  1.35825E+05  8.26748E+10   887
  1.35975E+05  8.26978E+10   888
  1.36125E+05  7.86686E+10   889
  1.36275E+05  6.90062E+10   890
  1.36425E+05  5.50159E+10   891
  1.36575E+05  4.04521E+10   892
  1.36725E+05  2.97091E+10   893
  1.36875E+05  2.49381E+10   894
  1.37025E+05  2.52587E+10   895
  1.37175E+05  2.85060E+10   896
  1.37325E+05  3.29076E+10   897
  1.37475E+05  3.72504E+10   898
  1.37625E+05  4.07577E+10   899
  1.37775E+05  4.30413E+10   900
  1.37925E+05  4.41960E+10   901
  1.38075E+05  4.48191E+10   902
  1.38225E+05  4.58354E+10   903
  1.38375E+05  4.81148E+10   904
  1.38525E+05  5.19940E+10   905
  1.38675E+05  5.69478E+10   906
  1.38825E+05  6.16951E+10   907
  1.38975E+05  6.48541E+10   908
  1.39125E+05  6.58723E+10   909
  1.39275E+05  6.55844E+10   910
  1.39425E+05  6.58010E+10   911
  1.39575E+05  6.79946E+10   912
  1.39725E+05  7.20802E+10   913
  1.39875E+05  7.65730E+10   914
  1.40025E+05  8.02444E+10   915
  1.40175E+05  8.34411E+10   916
  1.40325E+05  8.70742E+10   917
  1.40475E+05  9.03279E+10   918
  1.40625E+05  9.05561E+10   919
  1.40775E+05  8.60873E+10   920
  1.40925E+05  7.82081E+10   921
  1.41075E+05  6.97958E+10   922
  1.41225E+05  6.26621E+10   923
  1.41375E+05  5.70690E+10   924
  1.41525E+05  5.30379E+10   925
  1.41675E+05  5.10140E+10   926
  1.41825E+05  5.08957E+10   927
  1.41975E+05  5.11521E+10   928
  1.42125E+05  4.96083E+10   929
  1.42275E+05  4.56290E+10   930
  1.42425E+05  4.09154E+10   931
  1.42575E+05  3.75997E+10   932
  1.42725E+05  3.60802E+10   933
  1.42875E+05  3.54595E+10   934
  1.43025E+05  3.52239E+10   935
  1.43175E+05  3.59502E+10   936
  1.43325E+05  3.86214E+10   937
  1.43475E+05  4.35316E+10   938
  1.43625E+05  4.97480E+10   939
  1.43775E+05  5.55886E+10   940
  1.43925E+05  5.98282E+10   941
  1.44075E+05  6.25885E+10   942
  1.44225E+05  6.48916E+10   943
  1.44375E+05  6.71374E+10   944
  1.44525E+05  6.81506E+10   945
  1.44675E+05  6.59489E+10   946
  1.44825E+05  5.94446E+10   947
  1.44975E+05  4.95403E+10   948
  1.45125E+05  3.88709E+10   949
  1.45275E+05  3.02646E+10   950
  1.45425E+05  2.51689E+10   951
  1.45575E+05  2.33740E+10   952
  1.45725E+05  2.39593E+10   953
  1.45875E+05  2.60750E+10   954
  1.46025E+05  2.90463E+10   955
  1.46175E+05  3.22423E+10   956
  1.46325E+05  3.50754E+10   957
  1.46475E+05  3.71981E+10   958
  1.46625E+05  3.86141E+10   959
  1.46775E+05  3.97527E+10   960
  1.46925E+05  4.12819E+10   961
  1.47075E+05  4.37447E+10   962
  1.47225E+05  4.71820E+10   963
  1.47375E+05  5.09977E+10   964
  1.47525E+05  5.42480E+10   965
  1.47675E+05  5.62716E+10   966
  1.47825E+05  5.72636E+10   967
  1.47975E+05  5.82911E+10   968
  1.48125E+05  6.05667E+10   969
  1.48275E+05  6.44338E+10   970
  1.48425E+05  6.89606E+10   971
  1.48575E+05  7.26117E+10   972
  1.48725E+05  7.43072E+10   973
  1.48875E+05  7.36747E+10   974
  1.49025E+05  7.04503E+10   975
  1.49175E+05  6.42651E+10   976
  1.49325E+05  5.53868E+10   977
  1.49475E+05  4.53786E+10   978
  1.49625E+05  3.65165E+10   979
  1.49775E+05  3.03917E+10   980
  1.49925E+05  2.70202E+10   981
  1.50075E+05 -1.00000E+00   982
No. of bins read:
 981
Sum of relative probabilities before normalization:
 1.55736E+15
FWHM of Gaussian energy distrib. (eV):
  0.00000E+00
Center coordinates (cm):
  0.00000E+00  0.00000E+00  0.00000E+00
Box sides (cm):
  0.00000E+00  0.00000E+00  0.00000E+00
FWHMs of x and y distribs. (cm):
  0.00000E+00  0.00000E+00
Box Euler angles (deg):
  0.00000E+00  0.00000E+00  0.00000E+00
Source material:
 0
Direction vector (u,v,w):
  0.00000E+00  9.99983E-01 -5.75955E-03
Semi-aperture (deg) and its cos():
  0.00000E+00  1.00000E+00
>>>> BIGS source initialization finished >>>>
 
>>>>>>>>>>>>>>>>>>>>>>>>>>>>>>>>>>>>>>>>>>>>>>>>>>>>>>>>>>>>
[SECTION SOURCE PHASE SPACE FILE v.2009-06-15]
>>>> Source Phase Space File is OFF >>>>
 
>>>>>>>>>>>>>>>>>>>>>>>>>>>>>>>>>>>>>>>>>>>>>>>>>>>>>>>>>>>>
[SECTION PENGEOM+PENVOX v.2009-06-15]
 
>>>> Initializing quadric geometry >>>>
Opening quadric geometry file:
 phantom.geo                                                                     
Now calling PENGEOM...
 
0000000000000000000000000000000000000000000000000000000000000000
SURFACE (   1)   implicit form                                       
INDICES=( 0, 0, 0, 0, 0)
     AZ=( 1.000000000000000E+00,   0)       
     A0=( 0.000000000000000E+00,   0)       
C                                                                       
0000000000000000000000000000000000000000000000000000000000000000
SURFACE (   2)   implicit form                                       
INDICES=( 0, 0, 0, 0, 0)
     AZ=( 1.000000000000000E+00,   0)       
     A0=( 4.460000000000000E-01,   0)       
C                                                                       
0000000000000000000000000000000000000000000000000000000000000000
SURFACE (   3)   implicit form                                       
INDICES=( 0, 0, 0, 0, 0)
     AZ=( 1.000000000000000E+00,   0)       
     A0=(-4.000000000000000E-01,   0)       
C                                                                       
0000000000000000000000000000000000000000000000000000000000000000
BODY    (   1)   silicon                                             
MATERIAL(   1)
SURFACE (   1), SIDE POINTER=(-1)
SURFACE (   2), SIDE POINTER=( 1)
0000000000000000000000000000000000000000000000000000000000000000
BODY    (   2)   water                                               
MATERIAL(   2)
SURFACE (   3), SIDE POINTER=( 1)
0000000000000000000000000000000000000000000000000000000000000000
END      0000000000000000000000000000000000000000000000000000000



*****************************************
****     PENGEOM (version 2008)      ****
****  Constructive Quadric Geometry  ****
*****************************************



************  Genealogical tree. 


*** BODY   =    1,  KMOTH =    3,  MAT =  1
KSURF =    1    2    4
KFLAG =    1    2    1

*** BODY   =    2,  KMOTH =    3,  MAT =  2
KSURF =    3    4
KFLAG =    2    1

*** MODULE =    3,  KMOTH =    0,  MAT =  0
KDGHT =    1    2    3
KSURF =    4    1    2    3
KFLAG =    1    4    4    4


************  Adequacy of the geometry definition.

The largest number of bodies in a module or
     bodies limiting a single body is ............    3

The largest number of limiting surfaces for
     a single body or module is ..................    4


The simulation of this geometry will be relatively fast,
     no further optimization seems to be required.

************  The end.
 
>>>> Quadric geometry initialization finished >>>>
 
No voxels file defined, using quadrics only.
 
No. of materials referenced in the geometry:
 2
 
>>>> Geometry initialization finished >>>>
 
>>>>>>>>>>>>>>>>>>>>>>>>>>>>>>>>>>>>>>>>>>>>>>>>>>>>>>>>>>>>
[SECTION PENELOPE v.2009-10-01]
 
MAT#  FILENAME             EABS(e-)  EABS(ph)  EABS(e+)  C1        C2        WCC       WCR       DSMAX
 1    silicon.mat          1.000E+03 1.000E+03 1.000E+21 5.000E-02 5.000E-02 1.000E+00 1.000E+00 4.460E-02
 2    water.mat            1.000E+32 1.000E+31 1.000E+32 1.000E-01 1.000E-01 1.000E+32 1.000E+31 1.000E+30
 
Now calling PEINIT...
 

 **********************************
 **   PENELOPE  (version 2008)   **
 **********************************

 WARNING: EABS(KPAR,M) has been modified.

 WARNING: EABS(KPAR,M) has been modified.

 WARNING: EABS(KPAR,M) has been modified.

 WARNING: EABS(KPAR,M) has been modified.

 EMIN = 1.0000E+03 eV,  EMAX = 1.5158E+05 eV


 **********************
 **   1st material   **
 **********************

 Material data file: silicon.mat         

 *** Simulation parameters:
     Electron absorption energy = 1.0000E+03 eV
       Photon absorption energy = 1.0000E+03 eV
     Positron absorption energy = 1.5156E+05 eV
      C1 = 5.0000E-02,       C2 = 5.0000E-02
     WCC = 1.0000E+00 eV,   WCR = 1.0000E+01 eV

 PENELOPE (v. 2008)  Material data file ...............
 Material: SILICON  (14)                                                 
 Mass density = 2.33000000E+00 g/cm**3
 Number of elements in the molecule =  1
    Element: Si (Z=14), atoms/molecule = 1.00000000E+00
 Mean excitation energy = 1.73000000E+02 eV
 PENELOPE (v. 2008)  End of material data file ........


 **********************
 **   2nd material   **
 **********************

 Material data file: water.mat           

 *** Simulation parameters:
     Electron absorption energy = 1.5156E+05 eV
       Photon absorption energy = 1.5156E+05 eV
     Positron absorption energy = 1.5156E+05 eV
      C1 = 1.0000E-01,       C2 = 1.0000E-01
     WCC = 1.5158E+05 eV,   WCR = 1.0000E+31 eV

 PENELOPE (v. 2008)  Material data file ...............
 Material: WATER, LIQUID  (278)                                          
 Mass density = 1.00000000E+00 g/cm**3
 Number of elements in the molecule =  2
    Element: H  (Z= 1), atoms/molecule = 2.00000000E+00
    Element: O  (Z= 8), atoms/molecule = 1.00000000E+00
 Mean excitation energy = 7.50000000E+01 eV
 PENELOPE (v. 2008)  End of material data file ........
 
>>>> PENELOPE initialization finished >>>>

>>>>>>>>>>>>>>>>>>>>>>>>>>>>>>>>>>>>>>>>>>>>>>>>>>>>>>>>>>>>
[SECTION TALLY VOXEL DOSE v.2009-06-15]
>>>> Tally Voxel Dose Distribution is OFF >>>>
  
>>>>>>>>>>>>>>>>>>>>>>>>>>>>>>>>>>>>>>>>>>>>>>>>>>>>>>>>>>>>
[SECTION TALLY SPATIAL DOSE DISTRIB v.2009-06-15]
>>>> Tally Spatial Dose Distrib is OFF >>>>
  
>>>>>>>>>>>>>>>>>>>>>>>>>>>>>>>>>>>>>>>>>>>>>>>>>>>>>>>>>>>>
[SECTION TALLY CYLINDRICAL DOSE DISTRIB v.2009-06-15]
>>>> Tally Cylindrical Dose Distrib is OFF >>>>
  
>>>>>>>>>>>>>>>>>>>>>>>>>>>>>>>>>>>>>>>>>>>>>>>>>>>>>>>>>>>>
[SECTION TALLY SPHERICAL DOSE DISTRIB v.2009-06-15]
>>>> Tally Spherical Dose Distrib is OFF >>>>
  
>>>>>>>>>>>>>>>>>>>>>>>>>>>>>>>>>>>>>>>>>>>>>>>>>>>>>>>>>>>>
[SECTION TALLY ENERGY DEPOSITION PULSE SPECTRUM v.2009-06-15]
Detection material set to:
  2
Spectrum limits [Emin,Emax] (eV) and no. bins:
  1.00000E+00  1.50075E+05   100
Relative uncertainty (%) requested:
  0.00000E+00
>>>> EPS tally initialization finished >>>>
  
>>>>>>>>>>>>>>>>>>>>>>>>>>>>>>>>>>>>>>>>>>>>>>>>>>>>>>>>>>>>
[SECTION TALLY FLUENCE TRACK LENGTH v.2009-06-15]
>>>> Tally Fluence Track Length is OFF >>>>
  
>>>>>>>>>>>>>>>>>>>>>>>>>>>>>>>>>>>>>>>>>>>>>>>>>>>>>>>>>>>>
[SECTION TALLY PHASE SPACE FILE v.2009-06-15]
>>>> Tally Phase Space File is OFF >>>>
  
>>>>>>>>>>>>>>>>>>>>>>>>>>>>>>>>>>>>>>>>>>>>>>>>>>>>>>>>>>>>
[SECTION TALLY PARTICLE CURRENT SPECTRUM v.2009-06-15]
>>>> Tally Particle Current Spectrum is OFF >>>>
  
>>>>>>>>>>>>>>>>>>>>>>>>>>>>>>>>>>>>>>>>>>>>>>>>>>>>>>>>>>>>
[SECTION TALLY PARTICLE TRACK STRUCTURE v.2009-06-15]
>>>> Tally Particle Track Structure is OFF >>>>
 
>>>>>>>>>>>>>>>>>>>>>>>>>>>>>>>>>>>>>>>>>>>>>>>>>>>>>>>>>>>>
[SECTION INTERACTION FORCING v.2009-06-15]
>>>> Interaction Forcing is OFF >>>>
 
>>>>>>>>>>>>>>>>>>>>>>>>>>>>>>>>>>>>>>>>>>>>>>>>>>>>>>>>>>>>
[SECTION SPLITTING v.2009-06-15]
>>>> Particle splitting is OFF >>>>
 
>>>>>>>>>>>>>>>>>>>>>>>>>>>>>>>>>>>>>>>>>>>>>>>>>>>>>>>>>>>>
[SECTION RUSSIAN ROULETTE v.2009-06-15]
>>>> Russian roulette is OFF >>>>
 
 
>>>>>>>>>>>>>>>>>>>>>>>>>>>>>>>>>>>>>>>>>>>>>>>>>>>>>>>>>>>>
init: INITIALIZATION ENDED
Elapsed real time:     5.66 s
Elapsed CPU time :     5.66 s
>>>>>>>>>>>>>>>>>>>>>>>>>>>>>>>>>>>>>>>>>>>>>>>>>>>>>>>>>>>>
          10 % done
  ...
          20 % done
  ...
          30 % done
  ...
          40 % done
  ...
          50 % done
  ...
          60 % done
  ...
          70 % done
  ...
          80 % done
  ...
          90 % done
  ...
 
 
>>>>>>>>>>>>>>>>>>>>>>>>>>>>>>>>>>>>>>>>>>>>>>>>>>>>>>>>>>>>
report: SIMULATION ENDED
Results have been written to the corresponding DAT files.
The requested uncertainty has NOT been reached.
>>>>>>>>>>>>>>>>>>>>>>>>>>>>>>>>>>>>>>>>>>>>>>>>>>>>>>>>>>>>
 
Last random seeds:
 1733592390 1698001651
Elapsed real time (s), excluding init:
  6.13150E+01
Elapsed CPU time (s), excluding init:
  6.09673E+01
Each report update took (in CPU s):
  9.46045E-04
No. of histories simulated:
            100000.
CPU Speed (histories/s):
  1.64025E+03

Program ended on  4 Feb 2026  16:23:35                                                                               

Have a nice day.
